<?xml version="1.0" encoding="UTF-8"?>
<!-- Generated by org.testng.reporters.JUnitReportReporter -->
<testsuite skipped="0" hostname="sr39-PC" name="test_flex.Frag_Flex_mp4_Time_4p" tests="1" failures="0" timestamp="2020-02-11T11:39:04 IST" time="151.509" errors="0">
  <testcase name="start" time="151.509" classname="test_flex.Frag_Flex_mp4_Time_4p"/>
</testsuite> <!-- test_flex.Frag_Flex_mp4_Time_4p -->
