<?xml version="1.0" encoding="UTF-8"?>
<!-- Generated by org.testng.reporters.JUnitReportReporter -->
<testsuite skipped="0" hostname="sr39-PC" name="test.Frag_TS_Size_Versa" tests="1" failures="0" timestamp="2020-02-10T15:05:18 IST" time="73.454" errors="0">
  <testcase name="abc" time="73.454" classname="test.Frag_TS_Size_Versa"/>
</testsuite> <!-- test.Frag_TS_Size_Versa -->
