<?xml version="1.0" encoding="UTF-8"?>
<!-- Generated by org.testng.reporters.JUnitReportReporter -->
<testsuite skipped="0" hostname="sr39-PC" name="test_flex.Flex_ts_mp4_5p" tests="1" failures="0" timestamp="2020-02-10T15:58:38 IST" time="7.603" errors="0">
  <testcase name="start" time="7.603" classname="test_flex.Flex_ts_mp4_5p"/>
</testsuite> <!-- test_flex.Flex_ts_mp4_5p -->
