<?xml version="1.0" encoding="UTF-8"?>
<!-- Generated by org.testng.reporters.JUnitReportReporter -->
<testsuite skipped="0" hostname="sr39-PC" name="test_flex.Frag_Flex_ts_mp4_5p" tests="1" failures="0" timestamp="2020-02-10T16:46:35 IST" time="16.563" errors="0">
  <testcase name="start" time="16.563" classname="test_flex.Frag_Flex_ts_mp4_5p"/>
</testsuite> <!-- test_flex.Frag_Flex_ts_mp4_5p -->
