<?xml version="1.0" encoding="UTF-8"?>
<!-- Generated by org.testng.reporters.JUnitReportReporter -->
<testsuite skipped="0" hostname="sr39-PC" name="test_flex.Frag_Flex_mp4_Clock_4p2" tests="1" failures="0" timestamp="2020-02-11T10:37:23 IST" time="74.443" errors="0">
  <testcase name="start" time="74.443" classname="test_flex.Frag_Flex_mp4_Clock_4p2"/>
</testsuite> <!-- test_flex.Frag_Flex_mp4_Clock_4p2 -->
