<?xml version="1.0" encoding="UTF-8"?>
<!-- Generated by org.testng.reporters.JUnitReportReporter -->
<testsuite skipped="0" hostname="sr39-PC" name="test_flex.Frag_Flex_mp4_Size_4p" tests="1" failures="0" timestamp="2020-02-11T10:31:07 IST" time="79.342" errors="0">
  <testcase name="start" time="79.342" classname="test_flex.Frag_Flex_mp4_Size_4p"/>
</testsuite> <!-- test_flex.Frag_Flex_mp4_Size_4p -->
